# JRE version: OpenJDK Runtime Environment (17.0.6) (build 17.0.6+0-b2043.56-10027231)
# Java VM: OpenJDK 64-Bit Server VM (17.0.6+0-b2043.56-10027231, mixed mode, tiered, compressed oops, compressed class ptrs, g1 gc, windows-amd64)
GC Precious Log:
 CPUs: 8 total, 8 available
 Memory: 8112M
 Large Page Support: Disabled
 NUMA Support: Disabled
 Compressed Oops: Enabled (32-bit)
 Heap Region Size: 1M
 Heap Min Capacity: 8M
 Heap Initial Capacity: 128M
 Heap Max Capacity: 2G
 Pre-touch: Disabled
 Parallel Workers: 8
 Concurrent Workers: 2
 Concurrent Refinement Workers: 8
 Periodic GC: Disabled
Heap:
 garbage-first heap   total 288768K, used 172154K [0x0000000080000000, 0x0000000100000000)
  region size 1024K, 5 young (5120K), 5 survivors (5120K)
 Metaspace       used 96798K, committed 97600K, reserved 1138688K
  class space    used 13148K, committed 13568K, reserved 1048576K
GC Heap History (20 events):
Event: 7.609 GC heap after
{Heap after GC invocations=23 (full 0):
 garbage-first heap   total 233472K, used 93366K [0x0000000080000000, 0x0000000100000000)
  region size 1024K, 1 young (1024K), 1 survivors (1024K)
 Metaspace       used 61737K, committed 62272K, reserved 1105920K
  class space    used 8278K, committed 8512K, reserved 1048576K
}
Event: 8.479 GC heap before
{Heap before GC invocations=23 (full 0):
 garbage-first heap   total 233472K, used 179382K [0x0000000080000000, 0x0000000100000000)
  region size 1024K, 79 young (80896K), 1 survivors (1024K)
 Metaspace       used 71626K, committed 72256K, reserved 1114112K
  class space    used 9532K, committed 9792K, reserved 1048576K
}
Event: 8.484 GC heap after
{Heap after GC invocations=24 (full 0):
 garbage-first heap   total 233472K, used 99104K [0x0000000080000000, 0x0000000100000000)
  region size 1024K, 7 young (7168K), 7 survivors (7168K)
 Metaspace       used 71626K, committed 72256K, reserved 1114112K
  class space    used 9532K, committed 9792K, reserved 1048576K
}
Event: 9.261 GC heap before
{Heap before GC invocations=24 (full 0):
 garbage-first heap   total 233472K, used 177952K [0x0000000080000000, 0x0000000100000000)
  region size 1024K, 84 young (86016K), 7 survivors (7168K)
 Metaspace       used 80321K, committed 81024K, reserved 1122304K
  class space    used 10740K, committed 11072K, reserved 1048576K
}
Event: 9.268 GC heap after
{Heap after GC invocations=25 (full 0):
 garbage-first heap   total 233472K, used 105487K [0x0000000080000000, 0x0000000100000000)
  region size 1024K, 7 young (7168K), 7 survivors (7168K)
 Metaspace       used 80321K, committed 81024K, reserved 1122304K
  class space    used 10740K, committed 11072K, reserved 1048576K
}
Event: 10.047 GC heap before
{Heap before GC invocations=25 (full 0):
 garbage-first heap   total 233472K, used 182287K [0x0000000080000000, 0x0000000100000000)
  region size 1024K, 82 young (83968K), 7 survivors (7168K)
 Metaspace       used 87195K, committed 87872K, reserved 1130496K
  class space    used 11862K, committed 12160K, reserved 1048576K
}
Event: 10.055 GC heap after
{Heap after GC invocations=26 (full 0):
 garbage-first heap   total 233472K, used 111596K [0x0000000080000000, 0x0000000100000000)
  region size 1024K, 7 young (7168K), 7 survivors (7168K)
 Metaspace       used 87195K, committed 87872K, reserved 1130496K
  class space    used 11862K, committed 12160K, reserved 1048576K
}
Event: 10.407 GC heap before
{Heap before GC invocations=26 (full 0):
 garbage-first heap   total 233472K, used 148460K [0x0000000080000000, 0x0000000100000000)
  region size 1024K, 45 young (46080K), 7 survivors (7168K)
 Metaspace       used 90790K, committed 91520K, reserved 1130496K
  class space    used 12348K, committed 12672K, reserved 1048576K
}
Event: 10.414 GC heap after
{Heap after GC invocations=27 (full 0):
 garbage-first heap   total 233472K, used 117010K [0x0000000080000000, 0x0000000100000000)
  region size 1024K, 6 young (6144K), 6 survivors (6144K)
 Metaspace       used 90790K, committed 91520K, reserved 1130496K
  class space    used 12348K, committed 12672K, reserved 1048576K
}
Event: 11.237 GC heap before
{Heap before GC invocations=28 (full 0):
 garbage-first heap   total 233472K, used 208146K [0x0000000080000000, 0x0000000100000000)
  region size 1024K, 73 young (74752K), 6 survivors (6144K)
 Metaspace       used 96405K, committed 97216K, reserved 1138688K
  class space    used 13087K, committed 13504K, reserved 1048576K
}
Event: 11.245 GC heap after
{Heap after GC invocations=29 (full 0):
 garbage-first heap   total 233472K, used 148862K [0x0000000080000000, 0x0000000100000000)
  region size 1024K, 10 young (10240K), 10 survivors (10240K)
 Metaspace       used 96405K, committed 97216K, reserved 1138688K
  class space    used 13087K, committed 13504K, reserved 1048576K
}
Event: 11.262 GC heap before
{Heap before GC invocations=29 (full 0):
 garbage-first heap   total 233472K, used 149886K [0x0000000080000000, 0x0000000100000000)
  region size 1024K, 11 young (11264K), 10 survivors (10240K)
 Metaspace       used 96509K, committed 97344K, reserved 1138688K
  class space    used 13100K, committed 13504K, reserved 1048576K
}
Event: 11.271 GC heap after
{Heap after GC invocations=30 (full 0):
 garbage-first heap   total 233472K, used 147625K [0x0000000080000000, 0x0000000100000000)
  region size 1024K, 1 young (1024K), 1 survivors (1024K)
 Metaspace       used 96509K, committed 97344K, reserved 1138688K
  class space    used 13100K, committed 13504K, reserved 1048576K
}
Event: 11.432 GC heap before
{Heap before GC invocations=30 (full 0):
 garbage-first heap   total 233472K, used 196777K [0x0000000080000000, 0x0000000100000000)
  region size 1024K, 46 young (47104K), 1 survivors (1024K)
 Metaspace       used 96753K, committed 97600K, reserved 1138688K
  class space    used 13142K, committed 13568K, reserved 1048576K
}
Event: 11.444 GC heap after
{Heap after GC invocations=31 (full 0):
 garbage-first heap   total 233472K, used 166721K [0x0000000080000000, 0x0000000100000000)
  region size 1024K, 6 young (6144K), 6 survivors (6144K)
 Metaspace       used 96753K, committed 97600K, reserved 1138688K
  class space    used 13142K, committed 13568K, reserved 1048576K
}
Event: 11.744 GC heap before
{Heap before GC invocations=32 (full 0):
 garbage-first heap   total 288768K, used 192321K [0x0000000080000000, 0x0000000100000000)
  region size 1024K, 32 young (32768K), 6 survivors (6144K)
 Metaspace       used 96798K, committed 97600K, reserved 1138688K
  class space    used 13147K, committed 13568K, reserved 1048576K
}
Event: 11.751 GC heap after
{Heap after GC invocations=33 (full 0):
 garbage-first heap   total 288768K, used 169588K [0x0000000080000000, 0x0000000100000000)
  region size 1024K, 4 young (4096K), 4 survivors (4096K)
 Metaspace       used 96798K, committed 97600K, reserved 1138688K
  class space    used 13147K, committed 13568K, reserved 1048576K
}
Event: 11.848 GC heap before
{Heap before GC invocations=33 (full 0):
 garbage-first heap   total 288768K, used 179828K [0x0000000080000000, 0x0000000100000000)
  region size 1024K, 14 young (14336K), 4 survivors (4096K)
 Metaspace       used 96798K, committed 97600K, reserved 1138688K
  class space    used 13148K, committed 13568K, reserved 1048576K
}
Event: 11.852 GC heap after
{Heap after GC invocations=34 (full 0):
 garbage-first heap   total 288768K, used 169810K [0x0000000080000000, 0x0000000100000000)
  region size 1024K, 2 young (2048K), 2 survivors (2048K)
 Metaspace       used 96798K, committed 97600K, reserved 1138688K
  class space    used 13148K, committed 13568K, reserved 1048576K
}
Event: 12.285 GC heap before
{Heap before GC invocations=34 (full 0):
 garbage-first heap   total 288768K, used 228178K [0x0000000080000000, 0x0000000100000000)
  region size 1024K, 59 young (60416K), 2 survivors (2048K)
 Metaspace       used 96798K, committed 97600K, reserved 1138688K
  class space    used 13148K, committed 13568K, reserved 1048576K
}

