# JRE version: OpenJDK Runtime Environment (17.0.6) (build 17.0.6+0-b2043.56-10027231)
# Java VM: OpenJDK 64-Bit Server VM (17.0.6+0-b2043.56-10027231, mixed mode, tiered, compressed oops, compressed class ptrs, g1 gc, windows-amd64)
GC Precious Log:
 CPUs: 8 total, 8 available
 Memory: 8112M
 Large Page Support: Disabled
 NUMA Support: Disabled
 Compressed Oops: Enabled (32-bit)
 Heap Region Size: 1M
 Heap Min Capacity: 8M
 Heap Initial Capacity: 128M
 Heap Max Capacity: 2G
 Pre-touch: Disabled
 Parallel Workers: 8
 Concurrent Workers: 2
 Concurrent Refinement Workers: 8
 Periodic GC: Disabled
Heap:
 garbage-first heap   total 144384K, used 110110K [0x0000000080000000, 0x0000000100000000)
  region size 1024K, 23 young (23552K), 2 survivors (2048K)
 Metaspace       used 65108K, committed 65728K, reserved 1105920K
  class space    used 8697K, committed 8960K, reserved 1048576K
GC Heap History (20 events):
Event: 15.279 GC heap before
{Heap before GC invocations=14 (full 0):
 garbage-first heap   total 104448K, used 69636K [0x0000000080000000, 0x0000000100000000)
  region size 1024K, 20 young (20480K), 4 survivors (4096K)
 Metaspace       used 42174K, committed 42560K, reserved 1089536K
  class space    used 5633K, committed 5824K, reserved 1048576K
}
Event: 15.284 GC heap after
{Heap after GC invocations=15 (full 0):
 garbage-first heap   total 104448K, used 57031K [0x0000000080000000, 0x0000000100000000)
  region size 1024K, 3 young (3072K), 3 survivors (3072K)
 Metaspace       used 42174K, committed 42560K, reserved 1089536K
  class space    used 5633K, committed 5824K, reserved 1048576K
}
Event: 15.756 GC heap before
{Heap before GC invocations=16 (full 0):
 garbage-first heap   total 104448K, used 84679K [0x0000000080000000, 0x0000000100000000)
  region size 1024K, 27 young (27648K), 3 survivors (3072K)
 Metaspace       used 46187K, committed 46528K, reserved 1089536K
  class space    used 6127K, committed 6272K, reserved 1048576K
}
Event: 15.759 GC heap after
{Heap after GC invocations=17 (full 0):
 garbage-first heap   total 104448K, used 58372K [0x0000000080000000, 0x0000000100000000)
  region size 1024K, 2 young (2048K), 2 survivors (2048K)
 Metaspace       used 46187K, committed 46528K, reserved 1089536K
  class space    used 6127K, committed 6272K, reserved 1048576K
}
Event: 15.908 GC heap before
{Heap before GC invocations=17 (full 0):
 garbage-first heap   total 104448K, used 64516K [0x0000000080000000, 0x0000000100000000)
  region size 1024K, 9 young (9216K), 2 survivors (2048K)
 Metaspace       used 46678K, committed 47104K, reserved 1089536K
  class space    used 6201K, committed 6400K, reserved 1048576K
}
Event: 15.911 GC heap after
{Heap after GC invocations=18 (full 0):
 garbage-first heap   total 104448K, used 59739K [0x0000000080000000, 0x0000000100000000)
  region size 1024K, 4 young (4096K), 4 survivors (4096K)
 Metaspace       used 46678K, committed 47104K, reserved 1089536K
  class space    used 6201K, committed 6400K, reserved 1048576K
}
Event: 16.029 GC heap before
{Heap before GC invocations=19 (full 0):
 garbage-first heap   total 109568K, used 75099K [0x0000000080000000, 0x0000000100000000)
  region size 1024K, 15 young (15360K), 4 survivors (4096K)
 Metaspace       used 47400K, committed 47808K, reserved 1097728K
  class space    used 6284K, committed 6464K, reserved 1048576K
}
Event: 16.032 GC heap after
{Heap after GC invocations=20 (full 0):
 garbage-first heap   total 109568K, used 68404K [0x0000000080000000, 0x0000000100000000)
  region size 1024K, 4 young (4096K), 4 survivors (4096K)
 Metaspace       used 47400K, committed 47808K, reserved 1097728K
  class space    used 6284K, committed 6464K, reserved 1048576K
}
Event: 16.223 GC heap before
{Heap before GC invocations=21 (full 0):
 garbage-first heap   total 119808K, used 85812K [0x0000000080000000, 0x0000000100000000)
  region size 1024K, 20 young (20480K), 4 survivors (4096K)
 Metaspace       used 49695K, committed 50176K, reserved 1097728K
  class space    used 6516K, committed 6720K, reserved 1048576K
}
Event: 16.225 GC heap after
{Heap after GC invocations=22 (full 0):
 garbage-first heap   total 144384K, used 69416K [0x0000000080000000, 0x0000000100000000)
  region size 1024K, 2 young (2048K), 2 survivors (2048K)
 Metaspace       used 49695K, committed 50176K, reserved 1097728K
  class space    used 6516K, committed 6720K, reserved 1048576K
}
Event: 16.695 GC heap before
{Heap before GC invocations=22 (full 0):
 garbage-first heap   total 144384K, used 105256K [0x0000000080000000, 0x0000000100000000)
  region size 1024K, 37 young (37888K), 2 survivors (2048K)
 Metaspace       used 52580K, committed 53184K, reserved 1097728K
  class space    used 7039K, committed 7296K, reserved 1048576K
}
Event: 16.699 GC heap after
{Heap after GC invocations=23 (full 0):
 garbage-first heap   total 144384K, used 71827K [0x0000000080000000, 0x0000000100000000)
  region size 1024K, 4 young (4096K), 4 survivors (4096K)
 Metaspace       used 52580K, committed 53184K, reserved 1097728K
  class space    used 7039K, committed 7296K, reserved 1048576K
}
Event: 17.303 GC heap before
{Heap before GC invocations=24 (full 0):
 garbage-first heap   total 144384K, used 108691K [0x0000000080000000, 0x0000000100000000)
  region size 1024K, 40 young (40960K), 4 survivors (4096K)
 Metaspace       used 56468K, committed 57024K, reserved 1105920K
  class space    used 7602K, committed 7872K, reserved 1048576K
}
Event: 17.307 GC heap after
{Heap after GC invocations=25 (full 0):
 garbage-first heap   total 144384K, used 74553K [0x0000000080000000, 0x0000000100000000)
  region size 1024K, 5 young (5120K), 5 survivors (5120K)
 Metaspace       used 56468K, committed 57024K, reserved 1105920K
  class space    used 7602K, committed 7872K, reserved 1048576K
}
Event: 17.363 GC heap before
{Heap before GC invocations=25 (full 0):
 garbage-first heap   total 144384K, used 76601K [0x0000000080000000, 0x0000000100000000)
  region size 1024K, 7 young (7168K), 5 survivors (5120K)
 Metaspace       used 58077K, committed 58752K, reserved 1105920K
  class space    used 7776K, committed 8064K, reserved 1048576K
}
Event: 17.367 GC heap after
{Heap after GC invocations=26 (full 0):
 garbage-first heap   total 144384K, used 75644K [0x0000000080000000, 0x0000000100000000)
  region size 1024K, 1 young (1024K), 1 survivors (1024K)
 Metaspace       used 58077K, committed 58752K, reserved 1105920K
  class space    used 7776K, committed 8064K, reserved 1048576K
}
Event: 18.230 GC heap before
{Heap before GC invocations=26 (full 0):
 garbage-first heap   total 144384K, used 111484K [0x0000000080000000, 0x0000000100000000)
  region size 1024K, 37 young (37888K), 1 survivors (1024K)
 Metaspace       used 63245K, committed 63872K, reserved 1105920K
  class space    used 8442K, committed 8704K, reserved 1048576K
}
Event: 18.233 GC heap after
{Heap after GC invocations=27 (full 0):
 garbage-first heap   total 144384K, used 79353K [0x0000000080000000, 0x0000000100000000)
  region size 1024K, 5 young (5120K), 5 survivors (5120K)
 Metaspace       used 63245K, committed 63872K, reserved 1105920K
  class space    used 8442K, committed 8704K, reserved 1048576K
}
Event: 18.389 GC heap before
{Heap before GC invocations=28 (full 0):
 garbage-first heap   total 144384K, used 87545K [0x0000000080000000, 0x0000000100000000)
  region size 1024K, 14 young (14336K), 5 survivors (5120K)
 Metaspace       used 63442K, committed 64128K, reserved 1105920K
  class space    used 8466K, committed 8768K, reserved 1048576K
}
Event: 18.393 GC heap after
{Heap after GC invocations=29 (full 0):
 garbage-first heap   total 144384K, used 80414K [0x0000000080000000, 0x0000000100000000)
  region size 1024K, 2 young (2048K), 2 survivors (2048K)
 Metaspace       used 63442K, committed 64128K, reserved 1105920K
  class space    used 8466K, committed 8768K, reserved 1048576K
}

