# JRE version: OpenJDK Runtime Environment (17.0.6) (build 17.0.6+0-b2043.56-10027231)
# Java VM: OpenJDK 64-Bit Server VM (17.0.6+0-b2043.56-10027231, mixed mode, tiered, compressed oops, compressed class ptrs, g1 gc, windows-amd64)
GC Precious Log:
 CPUs: 8 total, 8 available
 Memory: 8112M
 Large Page Support: Disabled
 NUMA Support: Disabled
 Compressed Oops: Enabled (32-bit)
 Heap Region Size: 1M
 Heap Min Capacity: 8M
 Heap Initial Capacity: 128M
 Heap Max Capacity: 2G
 Pre-touch: Disabled
 Parallel Workers: 8
 Concurrent Workers: 2
 Concurrent Refinement Workers: 8
 Periodic GC: Disabled
Heap:
 garbage-first heap   total 86016K, used 44684K [0x0000000080000000, 0x0000000100000000)
  region size 1024K, 16 young (16384K), 4 survivors (4096K)
 Metaspace       used 52174K, committed 52608K, reserved 1097728K
  class space    used 7009K, committed 7232K, reserved 1048576K
GC Heap History (20 events):
Event: 5.582 GC heap before
{Heap before GC invocations=0 (full 0):
 garbage-first heap   total 131072K, used 27648K [0x0000000080000000, 0x0000000100000000)
  region size 1024K, 23 young (23552K), 0 survivors (0K)
 Metaspace       used 10270K, committed 10432K, reserved 1064960K
  class space    used 1062K, committed 1152K, reserved 1048576K
}
Event: 5.586 GC heap after
{Heap after GC invocations=1 (full 0):
 garbage-first heap   total 131072K, used 10261K [0x0000000080000000, 0x0000000100000000)
  region size 1024K, 3 young (3072K), 3 survivors (3072K)
 Metaspace       used 10270K, committed 10432K, reserved 1064960K
  class space    used 1062K, committed 1152K, reserved 1048576K
}
Event: 11.720 GC heap before
{Heap before GC invocations=1 (full 0):
 garbage-first heap   total 131072K, used 39957K [0x0000000080000000, 0x0000000100000000)
  region size 1024K, 32 young (32768K), 3 survivors (3072K)
 Metaspace       used 11232K, committed 11456K, reserved 1064960K
  class space    used 1166K, committed 1280K, reserved 1048576K
}
Event: 11.724 GC heap after
{Heap after GC invocations=2 (full 0):
 garbage-first heap   total 131072K, used 14740K [0x0000000080000000, 0x0000000100000000)
  region size 1024K, 4 young (4096K), 4 survivors (4096K)
 Metaspace       used 11232K, committed 11456K, reserved 1064960K
  class space    used 1166K, committed 1280K, reserved 1048576K
}
Event: 12.614 GC heap before
{Heap before GC invocations=2 (full 0):
 garbage-first heap   total 131072K, used 51604K [0x0000000080000000, 0x0000000100000000)
  region size 1024K, 41 young (41984K), 4 survivors (4096K)
 Metaspace       used 21178K, committed 21504K, reserved 1073152K
  class space    used 2570K, committed 2752K, reserved 1048576K
}
Event: 12.622 GC heap after
{Heap after GC invocations=3 (full 0):
 garbage-first heap   total 131072K, used 19024K [0x0000000080000000, 0x0000000100000000)
  region size 1024K, 9 young (9216K), 9 survivors (9216K)
 Metaspace       used 21178K, committed 21504K, reserved 1073152K
  class space    used 2570K, committed 2752K, reserved 1048576K
}
Event: 13.215 GC heap before
{Heap before GC invocations=4 (full 0):
 garbage-first heap   total 71680K, used 52816K [0x0000000080000000, 0x0000000100000000)
  region size 1024K, 42 young (43008K), 9 survivors (9216K)
 Metaspace       used 26458K, committed 26752K, reserved 1073152K
  class space    used 3488K, committed 3648K, reserved 1048576K
}
Event: 13.221 GC heap after
{Heap after GC invocations=5 (full 0):
 garbage-first heap   total 71680K, used 21108K [0x0000000080000000, 0x0000000100000000)
  region size 1024K, 3 young (3072K), 3 survivors (3072K)
 Metaspace       used 26458K, committed 26752K, reserved 1073152K
  class space    used 3488K, committed 3648K, reserved 1048576K
}
Event: 13.637 GC heap before
{Heap before GC invocations=5 (full 0):
 garbage-first heap   total 71680K, used 48756K [0x0000000080000000, 0x0000000100000000)
  region size 1024K, 30 young (30720K), 3 survivors (3072K)
 Metaspace       used 30684K, committed 30976K, reserved 1081344K
  class space    used 4180K, committed 4288K, reserved 1048576K
}
Event: 13.640 GC heap after
{Heap after GC invocations=6 (full 0):
 garbage-first heap   total 71680K, used 22329K [0x0000000080000000, 0x0000000100000000)
  region size 1024K, 4 young (4096K), 4 survivors (4096K)
 Metaspace       used 30684K, committed 30976K, reserved 1081344K
  class space    used 4180K, committed 4288K, reserved 1048576K
}
Event: 14.048 GC heap before
{Heap before GC invocations=6 (full 0):
 garbage-first heap   total 71680K, used 48953K [0x0000000080000000, 0x0000000100000000)
  region size 1024K, 31 young (31744K), 4 survivors (4096K)
 Metaspace       used 35660K, committed 35968K, reserved 1081344K
  class space    used 4879K, committed 5056K, reserved 1048576K
}
Event: 14.054 GC heap after
{Heap after GC invocations=7 (full 0):
 garbage-first heap   total 71680K, used 24568K [0x0000000080000000, 0x0000000100000000)
  region size 1024K, 4 young (4096K), 4 survivors (4096K)
 Metaspace       used 35660K, committed 35968K, reserved 1081344K
  class space    used 4879K, committed 5056K, reserved 1048576K
}
Event: 14.493 GC heap before
{Heap before GC invocations=8 (full 0):
 garbage-first heap   total 71680K, used 52216K [0x0000000080000000, 0x0000000100000000)
  region size 1024K, 32 young (32768K), 4 survivors (4096K)
 Metaspace       used 40441K, committed 40768K, reserved 1089536K
  class space    used 5364K, committed 5504K, reserved 1048576K
}
Event: 14.498 GC heap after
{Heap after GC invocations=9 (full 0):
 garbage-first heap   total 71680K, used 28819K [0x0000000080000000, 0x0000000100000000)
  region size 1024K, 4 young (4096K), 4 survivors (4096K)
 Metaspace       used 40441K, committed 40768K, reserved 1089536K
  class space    used 5364K, committed 5504K, reserved 1048576K
}
Event: 14.762 GC heap before
{Heap before GC invocations=9 (full 0):
 garbage-first heap   total 71680K, used 55443K [0x0000000080000000, 0x0000000100000000)
  region size 1024K, 28 young (28672K), 4 survivors (4096K)
 Metaspace       used 43205K, committed 43648K, reserved 1089536K
  class space    used 5676K, committed 5888K, reserved 1048576K
}
Event: 14.766 GC heap after
{Heap after GC invocations=10 (full 0):
 garbage-first heap   total 71680K, used 29755K [0x0000000080000000, 0x0000000100000000)
  region size 1024K, 3 young (3072K), 3 survivors (3072K)
 Metaspace       used 43205K, committed 43648K, reserved 1089536K
  class space    used 5676K, committed 5888K, reserved 1048576K
}
Event: 15.018 GC heap before
{Heap before GC invocations=10 (full 0):
 garbage-first heap   total 71680K, used 53307K [0x0000000080000000, 0x0000000100000000)
  region size 1024K, 26 young (26624K), 3 survivors (3072K)
 Metaspace       used 45992K, committed 46464K, reserved 1089536K
  class space    used 6039K, committed 6272K, reserved 1048576K
}
Event: 15.020 GC heap after
{Heap after GC invocations=11 (full 0):
 garbage-first heap   total 86016K, used 31461K [0x0000000080000000, 0x0000000100000000)
  region size 1024K, 4 young (4096K), 4 survivors (4096K)
 Metaspace       used 45992K, committed 46464K, reserved 1089536K
  class space    used 6039K, committed 6272K, reserved 1048576K
}
Event: 15.519 GC heap before
{Heap before GC invocations=11 (full 0):
 garbage-first heap   total 86016K, used 65253K [0x0000000080000000, 0x0000000100000000)
  region size 1024K, 37 young (37888K), 4 survivors (4096K)
 Metaspace       used 50540K, committed 50944K, reserved 1097728K
  class space    used 6782K, committed 6976K, reserved 1048576K
}
Event: 15.522 GC heap after
{Heap after GC invocations=12 (full 0):
 garbage-first heap   total 86016K, used 33420K [0x0000000080000000, 0x0000000100000000)
  region size 1024K, 4 young (4096K), 4 survivors (4096K)
 Metaspace       used 50540K, committed 50944K, reserved 1097728K
  class space    used 6782K, committed 6976K, reserved 1048576K
}

